<?xml version="1.0" encoding="UTF-8"?>
<!-- Generated by org.testng.reporters.JUnitXMLReporter -->
<testsuite ignored="1" hostname="LPT1627-B1" failures="0"
	tests="6" name="Regression Test" time="71.642" errors="0"
	timestamp="2024-12-10T20:44:40 IST">
	<testcase
		classname="com.orangehrm.tests.VerifyGenaralInformationTest"
		name="verifyGenaralinfoPage" time="8.779" />
	<testcase
		classname="com.orangehrm.tests.VerifyGenaralInformationTest"
		name="verify_if_a_user_can_able_to_to_edit_and_save_the_general_information"
		time="8.14" />
	<testcase
		classname="com.orangehrm.tests.VerifyQualificationTest"
		name="verifyAddandDeleteEducation" time="19.692" />
	<testcase classname="com.orangehrm.tests.ApplyLeaveTest"
		name="applyLeaveApplication" time="18.004" />
	<testcase classname="com.orangehrm.tests.LoginTest"
		name="verifyLoginError" time="4.024" />
	<testcase classname="com.orangehrm.tests.LoginTest"
		name="successfullLogin" time="4.624" />
	<testcase
		classname="com.orangehrm.tests.TimesheetSubmisionTest"
		name="verifyTimeSheetSubmission" time="0.0">
		<ignored />
	</testcase> <!-- verifyTimeSheetSubmission -->
</testsuite> <!-- Regression Test -->
