<?xml version="1.0" encoding="UTF-8"?>
<!-- Generated by org.testng.reporters.JUnitXMLReporter -->
<testsuite ignored="1" hostname="LPT1627-B1" failures="0" tests="1" name="Default test" time="19.648" errors="0" timestamp="2025-01-08T14:30:29 IST">
  <testcase classname="com.orangehrm.tests.LoginTest" name="successfullLogin" time="12.76"/>
  <testcase classname="com.orangehrm.tests.LoginTest" name="verifyLoginError" time="0.0">
    <ignored/>
  </testcase> <!-- verifyLoginError -->
</testsuite> <!-- Default test -->
